[35m[Appium][39m Welcome to Appium v2.4.1
[35m[Appium][39m Non-default server args:
[35m[Appium][39m { basePath: [32m'/wd/hub'[39m, loglevel: [32m'info'[39m, port: [33m62671[39m }
[35m[Appium][39m Attempting to load driver uiautomator2...
[35m[Appium][39m Appium REST http interface listener started on http://0.0.0.0:62671/wd/hub
[35m[Appium][39m You can provide the following URLs in your client code to connect to this server:
[35m[Appium][39m 	http://192.168.1.10:62671/wd/hub
[35m[Appium][39m 	http://127.0.0.1:62671/wd/hub (only accessible from the same host)
[35m[Appium][39m Available drivers:
[35m[Appium][39m   - uiautomator2@2.42.0 (automationName 'UiAutomator2')
[35m[Appium][39m No plugins have been installed. Use the "appium plugin" command to install the one(s) you want to use.
[38;5;0m[HTTP][0m [37m-->[39m [37mGET[39m [37m/wd/hub/status[39m
[38;5;0m[HTTP][0m [90m{}[39m
[38;5;0m[HTTP][0m [37m<-- GET /wd/hub/status [39m[32m200[39m [90m4 ms - 110[39m
[38;5;0m[HTTP][0m [90m[39m
[38;5;0m[HTTP][0m [37m-->[39m [37mGET[39m [37m/wd/hub/status[39m
[38;5;0m[HTTP][0m [90m{}[39m
[38;5;0m[HTTP][0m [37m<-- GET /wd/hub/status [39m[32m200[39m [90m1 ms - 110[39m
[38;5;0m[HTTP][0m [90m[39m
[38;5;0m[HTTP][0m [37m-->[39m [37mPOST[39m [37m/wd/hub/session[39m
[38;5;0m[HTTP][0m [90m{"desiredCapabilities":{"appium:systemPort":8213,"appium:newCommandTimeout":1800,"appium:automationName":"uiautomator2","appium:platformVersion":"10","appium:deviceId":"","appium:udid":"ea75045","appium:autoGrantPermissions":true,"appium:platformName":"ANDROID","appium:appActivity":".Settings","appium:deviceName":"Xiaomi Redmi Note 7 (Android 10)","platformName":"Android","appium:appPackage":"com.android.settings"},"capabilities":{"firstMatch":[{"appium:appActivity":".Settings","appium:appPackage":"com.android.settings","appium:autoGrantPermissions":true,"appium:automationName":"uiautomator2","appium:deviceId":"","appium:deviceName":"Xiaomi Redmi Note 7 (Android 10)","appium:newCommandTimeout":1800,"appium:platformName":"ANDROID","appium:platformVersion":"10","appium:systemPort":8213,"appium:udid":"ea75045","platformName":"android"}]}}[39m
[38;5;32m[BaseDriver][0m Ignoring capability 'appium:platformName=ANDROID' and using capability 'platformName=android'
[38;5;32m[BaseDriver][0m The capabilities ["platformName"] are standard capabilities and do not require "appium:" prefix
[35m[Appium][39m Attempting to find matching driver for automationName 'uiautomator2' and platformName 'android'
[35m[Appium][39m The 'uiautomator2' driver was installed and matched caps.
[35m[Appium][39m Will require it at C:\Users\nmohamed\.appium\node_modules\appium-uiautomator2-driver
[38;5;16m[AppiumDriver@4ee5][0m Appium v2.4.1 creating new AndroidUiautomator2Driver (v2.42.0) session
[38;5;16m[AppiumDriver@4ee5][0m Checking BaseDriver versions for Appium and AndroidUiautomator2Driver
[38;5;16m[AppiumDriver@4ee5][0m Appium's BaseDriver version is 9.5.0
[38;5;16m[AppiumDriver@4ee5][0m AndroidUiautomator2Driver's BaseDriver version is 9.5.0
[38;5;48m[AndroidUiautomator2Driver@86e2][0m The following provided capabilities were not recognized by this driver:
[38;5;48m[AndroidUiautomator2Driver@86e2][0m   deviceId
[38;5;48m[AndroidUiautomator2Driver@86e2 (8588d7d7)][0m Session created with session id: 8588d7d7-42a6-4dae-9443-475f103590c4
[38;5;48m[AndroidUiautomator2Driver@86e2 (8588d7d7)][0m Starting 'com.android.settings' directly on the device
[38;5;64m[ADB][0m Found 1 'build-tools' folders under 'C:\Users\nmohamed\AppData\Local\Android\Sdk' (newest first):
[38;5;64m[ADB][0m     C:\Users\nmohamed\AppData\Local\Android\Sdk\build-tools\34.0.0
[38;5;64m[ADB][0m Using 'adb.exe' from 'C:\Users\nmohamed\AppData\Local\Android\Sdk\platform-tools\adb.exe'
[38;5;80m[AndroidDriver][0m Retrieving device list
[38;5;80m[AndroidDriver][0m Using device: ea75045
[38;5;64m[ADB][0m Using 'adb.exe' from 'C:\Users\nmohamed\AppData\Local\Android\Sdk\platform-tools\adb.exe'
[38;5;64m[ADB][0m Getting device platform version
[38;5;48m[AndroidUiautomator2Driver@86e2 (8588d7d7)][0m Relaxing hidden api policy
[38;5;80m[AndroidDriver][0m No app sent in, not parsing package/activity
[38;5;64m[ADB][0m Using 'apksigner.jar' from 'C:\Users\nmohamed\AppData\Local\Android\Sdk\build-tools\34.0.0\lib\apksigner.jar'
[38;5;64m[ADB][0m 'C:\Users\nmohamed\.appium\node_modules\appium-uiautomator2-driver\node_modules\appium-uiautomator2-server\apks\appium-uiautomator2-server-debug-androidTest.apk' is signed with the default certificate
[38;5;64m[ADB][0m 'C:\Users\nmohamed\.appium\node_modules\appium-uiautomator2-driver\node_modules\appium-uiautomator2-server\apks\appium-uiautomator2-server-v6.0.3.apk' is signed with the default certificate
[38;5;48m[AndroidUiautomator2Driver@86e2 (8588d7d7)][0m Server packages are not going to be (re)installed
[38;5;64m[ADB][0m Adding packages ["io.appium.settings","io.appium.uiautomator2.server","io.appium.uiautomator2.server.test"] to Doze whitelist
[38;5;48m[AndroidUiautomator2Driver@86e2 (8588d7d7)][0m Starting UIAutomator2 server 6.0.3
[38;5;48m[AndroidUiautomator2Driver@86e2 (8588d7d7)][0m Using UIAutomator2 server from 'C:\Users\nmohamed\.appium\node_modules\appium-uiautomator2-driver\node_modules\appium-uiautomator2-server\apks\appium-uiautomator2-server-v6.0.3.apk' and test from 'C:\Users\nmohamed\.appium\node_modules\appium-uiautomator2-driver\node_modules\appium-uiautomator2-server\apks\appium-uiautomator2-server-debug-androidTest.apk'
[38;5;48m[AndroidUiautomator2Driver@86e2 (8588d7d7)][0m Waiting up to 30000ms for UiAutomator2 to be online...
[38;5;48m[AndroidUiautomator2Driver@86e2 (8588d7d7)][0m socket hang up
[38;5;48m[AndroidUiautomator2Driver@86e2 (8588d7d7)][0m socket hang up
[38;5;48m[AndroidUiautomator2Driver@86e2 (8588d7d7)][0m socket hang up
[38;5;48m[AndroidUiautomator2Driver@86e2 (8588d7d7)][0m Determined the downstream protocol as 'W3C'
[38;5;80m[AndroidDriver][0m Screen already unlocked, doing nothing
[38;5;48m[AndroidUiautomator2Driver@86e2 (8588d7d7)][0m Starting 'com.android.settings/.Settings and waiting for 'com.android.settings/.Settings'
[38;5;16m[AppiumDriver@4ee5][0m New AndroidUiautomator2Driver session created successfully, session 8588d7d7-42a6-4dae-9443-475f103590c4 added to master session list
[38;5;0m[HTTP][0m [37m<-- POST /wd/hub/session [39m[32m200[39m [90m7274 ms - 1104[39m
[38;5;0m[HTTP][0m [90m[39m
[38;5;0m[HTTP][0m [37m-->[39m [37mGET[39m [37m/wd/hub/session/8588d7d7-42a6-4dae-9443-475f103590c4[39m
[38;5;0m[HTTP][0m [90m{}[39m
[38;5;0m[HTTP][0m [37m<-- GET /wd/hub/session/8588d7d7-42a6-4dae-9443-475f103590c4 [39m[32m200[39m [90m14 ms - 325[39m
[38;5;0m[HTTP][0m [90m[39m
[38;5;0m[HTTP][0m [37m-->[39m [37mGET[39m [37m/wd/hub/session/8588d7d7-42a6-4dae-9443-475f103590c4[39m
[38;5;0m[HTTP][0m [90m{}[39m
[38;5;0m[HTTP][0m [37m<-- GET /wd/hub/session/8588d7d7-42a6-4dae-9443-475f103590c4 [39m[32m200[39m [90m10 ms - 325[39m
[38;5;0m[HTTP][0m [90m[39m
[38;5;0m[HTTP][0m [37m-->[39m [37mGET[39m [37m/wd/hub/status[39m
[38;5;0m[HTTP][0m [90m{}[39m
[38;5;0m[HTTP][0m [37m<-- GET /wd/hub/status [39m[32m200[39m [90m0 ms - 110[39m
[38;5;0m[HTTP][0m [90m[39m
[38;5;0m[HTTP][0m [37m-->[39m [37mPOST[39m [37m/wd/hub/session/8588d7d7-42a6-4dae-9443-475f103590c4/timeouts[39m
[38;5;0m[HTTP][0m [90m{"implicit":60000}[39m
[38;5;0m[HTTP][0m [37m<-- POST /wd/hub/session/8588d7d7-42a6-4dae-9443-475f103590c4/timeouts [39m[32m200[39m [90m2 ms - 14[39m
[38;5;0m[HTTP][0m [90m[39m
[38;5;0m[HTTP][0m [37m-->[39m [37mGET[39m [37m/wd/hub/session/8588d7d7-42a6-4dae-9443-475f103590c4/appium/device/system_bars[39m
[38;5;0m[HTTP][0m [90m{}[39m
[38;5;0m[HTTP][0m [37m<-- GET /wd/hub/session/8588d7d7-42a6-4dae-9443-475f103590c4/appium/device/system_bars [39m[32m200[39m [90m115 ms - 151[39m
[38;5;0m[HTTP][0m [90m[39m
[38;5;0m[HTTP][0m [37m-->[39m [37mPOST[39m [37m/wd/hub/session/8588d7d7-42a6-4dae-9443-475f103590c4/appium/device/activate_app[39m
[38;5;0m[HTTP][0m [90m{"bundleId":"com.androidsample.generalstore"}[39m
[38;5;0m[HTTP][0m [37m<-- POST /wd/hub/session/8588d7d7-42a6-4dae-9443-475f103590c4/appium/device/activate_app [39m[32m200[39m [90m145 ms - 14[39m
[38;5;0m[HTTP][0m [90m[39m
[38;5;0m[HTTP][0m [37m-->[39m [37mGET[39m [37m/wd/hub/session/8588d7d7-42a6-4dae-9443-475f103590c4/source[39m
[38;5;0m[HTTP][0m [90m{}[39m
[38;5;48m[AndroidUiautomator2Driver@86e2 (8588d7d7)][0m Driver proxy active, passing request on via HTTP proxy
[38;5;48m[AndroidUiautomator2Driver@86e2 (8588d7d7)][0m Replacing sessionId 086f8c1e-3c38-4df4-8c4e-cd76f5a4a2ed with 8588d7d7-42a6-4dae-9443-475f103590c4
[38;5;0m[HTTP][0m [37m<-- GET /wd/hub/session/8588d7d7-42a6-4dae-9443-475f103590c4/source [39m[32m200[39m [90m10305 ms - 20439[39m
[38;5;0m[HTTP][0m [90m[39m
[38;5;0m[HTTP][0m [37m-->[39m [37mGET[39m [37m/wd/hub/session/8588d7d7-42a6-4dae-9443-475f103590c4/screenshot[39m
[38;5;0m[HTTP][0m [90m{}[39m
[38;5;0m[HTTP][0m [37m<-- GET /wd/hub/session/8588d7d7-42a6-4dae-9443-475f103590c4/screenshot [39m[32m200[39m [90m680 ms - 361480[39m
[38;5;0m[HTTP][0m [90m[39m
[38;5;0m[HTTP][0m [37m-->[39m [37mPOST[39m [37m/wd/hub/session/8588d7d7-42a6-4dae-9443-475f103590c4/elements[39m
[38;5;0m[HTTP][0m [90m{"using":"xpath","value":"//*[@class = 'android.widget.TextView' and (@text = 'ADD TO CART' or . = 'ADD TO CART') and @resource-id = 'com.androidsample.generalstore:id/productAddCart']"}[39m
[38;5;0m[HTTP][0m [37m<-- POST /wd/hub/session/8588d7d7-42a6-4dae-9443-475f103590c4/elements [39m[32m200[39m [90m10511 ms - 395[39m
[38;5;0m[HTTP][0m [90m[39m
[38;5;0m[HTTP][0m [37m-->[39m [37mPOST[39m [37m/wd/hub/session/8588d7d7-42a6-4dae-9443-475f103590c4/elements[39m
[38;5;0m[HTTP][0m [90m{"using":"id","value":"com.androidsample.generalstore:id/productAddCart"}[39m
[38;5;0m[HTTP][0m [37m<-- POST /wd/hub/session/8588d7d7-42a6-4dae-9443-475f103590c4/elements [39m[32m200[39m [90m10085 ms - 395[39m
[38;5;0m[HTTP][0m [90m[39m
[38;5;0m[HTTP][0m [37m-->[39m [37mPOST[39m [37m/wd/hub/session/8588d7d7-42a6-4dae-9443-475f103590c4/elements[39m
[38;5;0m[HTTP][0m [90m{"using":"-android uiautomator","value":"new UiSelector().className(\"android.widget.TextView\").text(\"ADD TO CART\").resourceId(\"com.androidsample.generalstore:id/productAddCart\")"}[39m
[38;5;0m[HTTP][0m [37m<-- POST /wd/hub/session/8588d7d7-42a6-4dae-9443-475f103590c4/elements [39m[32m200[39m [90m50393 ms - 395[39m
[38;5;0m[HTTP][0m [90m[39m
[38;5;0m[HTTP][0m [37m-->[39m [37mGET[39m [37m/wd/hub/session/8588d7d7-42a6-4dae-9443-475f103590c4/window/rect[39m
[38;5;0m[HTTP][0m [90m{}[39m
[38;5;0m[HTTP][0m [37m<-- GET /wd/hub/session/8588d7d7-42a6-4dae-9443-475f103590c4/window/rect [39m[32m200[39m [90m17 ms - 50[39m
[38;5;0m[HTTP][0m [90m[39m
[38;5;0m[HTTP][0m [37m-->[39m [37mPOST[39m [37m/wd/hub/session/8588d7d7-42a6-4dae-9443-475f103590c4/elements[39m
[38;5;0m[HTTP][0m [90m{"using":"xpath","value":"//hierarchy/android.widget.FrameLayout[1]/android.widget.LinearLayout[1]/android.widget.FrameLayout[1]/android.widget.LinearLayout[1]/android.widget.FrameLayout[1]/android.view.ViewGroup[1]/android.widget.RelativeLayout[1]/android.widget.FrameLayout[1]/android.support.v7.widget.RecyclerView[1]/android.widget.RelativeLayout[3]/android.widget.LinearLayout[1]/android.widget.LinearLayout[2]/android.widget.TextView[2]"}[39m
[38;5;0m[HTTP][0m [37m<-- POST /wd/hub/session/8588d7d7-42a6-4dae-9443-475f103590c4/elements [39m[32m200[39m [90m10191 ms - 139[39m
[38;5;0m[HTTP][0m [90m[39m
[38;5;0m[HTTP][0m [37m-->[39m [37mGET[39m [37m/wd/hub/session/8588d7d7-42a6-4dae-9443-475f103590c4/element/00000000-0000-01fa-ffff-ffff00000072/location[39m
[38;5;0m[HTTP][0m [90m{}[39m
[38;5;48m[AndroidUiautomator2Driver@86e2 (8588d7d7)][0m Driver proxy active, passing request on via HTTP proxy
[38;5;48m[AndroidUiautomator2Driver@86e2 (8588d7d7)][0m Replacing sessionId 086f8c1e-3c38-4df4-8c4e-cd76f5a4a2ed with 8588d7d7-42a6-4dae-9443-475f103590c4
[38;5;0m[HTTP][0m [37m<-- GET /wd/hub/session/8588d7d7-42a6-4dae-9443-475f103590c4/element/00000000-0000-01fa-ffff-ffff00000072/location [39m[32m200[39m [90m20143 ms - 79[39m
[38;5;0m[HTTP][0m [90m[39m
[38;5;0m[HTTP][0m [37m-->[39m [37mPOST[39m [37m/wd/hub/session/8588d7d7-42a6-4dae-9443-475f103590c4/element/00000000-0000-01fa-ffff-ffff00000072/click[39m
[38;5;0m[HTTP][0m [90m{"id":"00000000-0000-01fa-ffff-ffff00000072"}[39m
[38;5;0m[HTTP][0m [37m<-- POST /wd/hub/session/8588d7d7-42a6-4dae-9443-475f103590c4/element/00000000-0000-01fa-ffff-ffff00000072/click [39m[32m200[39m [90m30208 ms - 14[39m
[38;5;0m[HTTP][0m [90m[39m
[38;5;0m[HTTP][0m [37m-->[39m [37mGET[39m [37m/wd/hub/session/8588d7d7-42a6-4dae-9443-475f103590c4/source[39m
[38;5;0m[HTTP][0m [90m{}[39m
[38;5;48m[AndroidUiautomator2Driver@86e2 (8588d7d7)][0m Driver proxy active, passing request on via HTTP proxy
[38;5;48m[AndroidUiautomator2Driver@86e2 (8588d7d7)][0m Replacing sessionId 086f8c1e-3c38-4df4-8c4e-cd76f5a4a2ed with 8588d7d7-42a6-4dae-9443-475f103590c4
[38;5;0m[HTTP][0m [37m<-- GET /wd/hub/session/8588d7d7-42a6-4dae-9443-475f103590c4/source [39m[32m200[39m [90m10184 ms - 20904[39m
[38;5;0m[HTTP][0m [90m[39m
[38;5;0m[HTTP][0m [37m-->[39m [37mGET[39m [37m/wd/hub/session/8588d7d7-42a6-4dae-9443-475f103590c4/screenshot[39m
[38;5;0m[HTTP][0m [90m{}[39m
[38;5;0m[HTTP][0m [37m<-- GET /wd/hub/session/8588d7d7-42a6-4dae-9443-475f103590c4/screenshot [39m[32m200[39m [90m660 ms - 363832[39m
[38;5;0m[HTTP][0m [90m[39m
[38;5;0m[HTTP][0m [37m-->[39m [37mDELETE[39m [37m/wd/hub/session/8588d7d7-42a6-4dae-9443-475f103590c4[39m
[38;5;0m[HTTP][0m [90m{}[39m
[38;5;16m[AppiumDriver@4ee5][0m Removing session 8588d7d7-42a6-4dae-9443-475f103590c4 from our master session list
[38;5;48m[AndroidUiautomator2Driver@86e2 (8588d7d7)][0m Restoring hidden api policy to the device default configuration
[38;5;0m[HTTP][0m [37m<-- DELETE /wd/hub/session/8588d7d7-42a6-4dae-9443-475f103590c4 [39m[32m200[39m [90m287 ms - 14[39m
[38;5;0m[HTTP][0m [90m[39m
